<?xml version="1.0" encoding="UTF-8"?>
<!-- Generated by org.testng.reporters.JUnitReportReporter -->
<testsuite hostname="9704276395mama" failures="0" tests="1" name="com.inetbanking.testCases.TC_AddcustomerTest_003" time="11.324" errors="0" timestamp="2024-05-05T13:24:11 IST" skipped="0">
  <testcase classname="com.inetbanking.testCases.TC_AddcustomerTest_003" name="addNewCustomer" time="11.324"/>
</testsuite> <!-- com.inetbanking.testCases.TC_AddcustomerTest_003 -->
